# JRE version: OpenJDK Runtime Environment Temurin-17.0.16+8 (17.0.16+8) (build 17.0.16+8)
# Java VM: OpenJDK 64-Bit Server VM Temurin-17.0.16+8 (17.0.16+8, mixed mode, sharing, tiered, compressed oops, compressed class ptrs, g1 gc, windows-amd64)
GC Precious Log:
 CPUs: 8 total, 8 available
 Memory: 16167M
 Large Page Support: Disabled
 NUMA Support: Disabled
 Compressed Oops: Enabled (32-bit)
 Heap Region Size: 1M
 Heap Min Capacity: 8M
 Heap Initial Capacity: 254M
 Heap Max Capacity: 2G
 Pre-touch: Disabled
 Parallel Workers: 8
 Concurrent Workers: 2
 Concurrent Refinement Workers: 8
 Periodic GC: Disabled
Heap:
 garbage-first heap   total 338944K, used 146918K [0x0000000080000000, 0x0000000100000000)
  region size 1024K, 50 young (51200K), 1 survivors (1024K)
 Metaspace       used 78012K, committed 78912K, reserved 557056K
  class space    used 10971K, committed 11392K, reserved 425984K
GC Heap History (20 events):
Event: 12.853 GC heap before
{Heap before GC invocations=30 (full 0):
 garbage-first heap   total 126976K, used 98475K [0x0000000080000000, 0x0000000100000000)
  region size 1024K, 30 young (30720K), 4 survivors (4096K)
 Metaspace       used 71604K, committed 72320K, reserved 491520K
  class space    used 10037K, committed 10368K, reserved 425984K
}
Event: 12.857 GC heap after
{Heap after GC invocations=31 (full 0):
 garbage-first heap   total 126976K, used 74710K [0x0000000080000000, 0x0000000100000000)
  region size 1024K, 3 young (3072K), 3 survivors (3072K)
 Metaspace       used 71604K, committed 72320K, reserved 491520K
  class space    used 10037K, committed 10368K, reserved 425984K
}
Event: 12.893 GC heap before
{Heap before GC invocations=31 (full 0):
 garbage-first heap   total 126976K, used 76758K [0x0000000080000000, 0x0000000100000000)
  region size 1024K, 6 young (6144K), 3 survivors (3072K)
 Metaspace       used 71790K, committed 72512K, reserved 491520K
  class space    used 10062K, committed 10432K, reserved 425984K
}
Event: 12.896 GC heap after
{Heap after GC invocations=32 (full 0):
 garbage-first heap   total 152576K, used 74635K [0x0000000080000000, 0x0000000100000000)
  region size 1024K, 1 young (1024K), 1 survivors (1024K)
 Metaspace       used 71790K, committed 72512K, reserved 491520K
  class space    used 10062K, committed 10432K, reserved 425984K
}
Event: 14.312 GC heap before
{Heap before GC invocations=32 (full 0):
 garbage-first heap   total 152576K, used 118667K [0x0000000080000000, 0x0000000100000000)
  region size 1024K, 44 young (45056K), 1 survivors (1024K)
 Metaspace       used 74689K, committed 75456K, reserved 491520K
  class space    used 10591K, committed 10944K, reserved 425984K
}
Event: 14.316 GC heap after
{Heap after GC invocations=33 (full 0):
 garbage-first heap   total 152576K, used 78377K [0x0000000080000000, 0x0000000100000000)
  region size 1024K, 5 young (5120K), 5 survivors (5120K)
 Metaspace       used 74689K, committed 75456K, reserved 491520K
  class space    used 10591K, committed 10944K, reserved 425984K
}
Event: 24.938 GC heap before
{Heap before GC invocations=34 (full 0):
 garbage-first heap   total 152576K, used 120361K [0x0000000080000000, 0x0000000100000000)
  region size 1024K, 46 young (47104K), 5 survivors (5120K)
 Metaspace       used 75741K, committed 76608K, reserved 557056K
  class space    used 10734K, committed 11136K, reserved 425984K
}
Event: 24.944 GC heap after
{Heap after GC invocations=35 (full 0):
 garbage-first heap   total 152576K, used 83575K [0x0000000080000000, 0x0000000100000000)
  region size 1024K, 6 young (6144K), 6 survivors (6144K)
 Metaspace       used 75741K, committed 76608K, reserved 557056K
  class space    used 10734K, committed 11136K, reserved 425984K
}
Event: 24.956 GC heap before
{Heap before GC invocations=35 (full 0):
 garbage-first heap   total 152576K, used 84599K [0x0000000080000000, 0x0000000100000000)
  region size 1024K, 7 young (7168K), 6 survivors (6144K)
 Metaspace       used 75795K, committed 76608K, reserved 557056K
  class space    used 10743K, committed 11136K, reserved 425984K
}
Event: 24.959 GC heap after
{Heap after GC invocations=36 (full 0):
 garbage-first heap   total 152576K, used 83846K [0x0000000080000000, 0x0000000100000000)
  region size 1024K, 1 young (1024K), 1 survivors (1024K)
 Metaspace       used 75795K, committed 76608K, reserved 557056K
  class space    used 10743K, committed 11136K, reserved 425984K
}
Event: 25.764 GC heap before
{Heap before GC invocations=36 (full 0):
 garbage-first heap   total 152576K, used 122758K [0x0000000080000000, 0x0000000100000000)
  region size 1024K, 39 young (39936K), 1 survivors (1024K)
 Metaspace       used 76996K, committed 77952K, reserved 557056K
  class space    used 10871K, committed 11328K, reserved 425984K
}
Event: 25.767 GC heap after
{Heap after GC invocations=37 (full 0):
 garbage-first heap   total 152576K, used 88031K [0x0000000080000000, 0x0000000100000000)
  region size 1024K, 5 young (5120K), 5 survivors (5120K)
 Metaspace       used 76996K, committed 77952K, reserved 557056K
  class space    used 10871K, committed 11328K, reserved 425984K
}
Event: 26.060 GC heap before
{Heap before GC invocations=37 (full 0):
 garbage-first heap   total 152576K, used 122847K [0x0000000080000000, 0x0000000100000000)
  region size 1024K, 40 young (40960K), 5 survivors (5120K)
 Metaspace       used 77202K, committed 78144K, reserved 557056K
  class space    used 10871K, committed 11328K, reserved 425984K
}
Event: 26.064 GC heap after
{Heap after GC invocations=38 (full 0):
 garbage-first heap   total 152576K, used 91725K [0x0000000080000000, 0x0000000100000000)
  region size 1024K, 5 young (5120K), 5 survivors (5120K)
 Metaspace       used 77202K, committed 78144K, reserved 557056K
  class space    used 10871K, committed 11328K, reserved 425984K
}
Event: 26.171 GC heap before
{Heap before GC invocations=38 (full 0):
 garbage-first heap   total 152576K, used 122445K [0x0000000080000000, 0x0000000100000000)
  region size 1024K, 36 young (36864K), 5 survivors (5120K)
 Metaspace       used 77212K, committed 78144K, reserved 557056K
  class space    used 10871K, committed 11328K, reserved 425984K
}
Event: 26.175 GC heap after
{Heap after GC invocations=39 (full 0):
 garbage-first heap   total 152576K, used 93517K [0x0000000080000000, 0x0000000100000000)
  region size 1024K, 4 young (4096K), 4 survivors (4096K)
 Metaspace       used 77212K, committed 78144K, reserved 557056K
  class space    used 10871K, committed 11328K, reserved 425984K
}
Event: 26.322 GC heap before
{Heap before GC invocations=40 (full 0):
 garbage-first heap   total 179200K, used 124237K [0x0000000080000000, 0x0000000100000000)
  region size 1024K, 35 young (35840K), 4 survivors (4096K)
 Metaspace       used 77242K, committed 78144K, reserved 557056K
  class space    used 10875K, committed 11328K, reserved 425984K
}
Event: 26.325 GC heap after
{Heap after GC invocations=41 (full 0):
 garbage-first heap   total 179200K, used 95120K [0x0000000080000000, 0x0000000100000000)
  region size 1024K, 4 young (4096K), 4 survivors (4096K)
 Metaspace       used 77242K, committed 78144K, reserved 557056K
  class space    used 10875K, committed 11328K, reserved 425984K
}
Event: 26.338 GC heap before
{Heap before GC invocations=41 (full 0):
 garbage-first heap   total 179200K, used 98192K [0x0000000080000000, 0x0000000100000000)
  region size 1024K, 8 young (8192K), 4 survivors (4096K)
 Metaspace       used 77242K, committed 78144K, reserved 557056K
  class space    used 10875K, committed 11328K, reserved 425984K
}
Event: 26.341 GC heap after
{Heap after GC invocations=42 (full 0):
 garbage-first heap   total 338944K, used 93670K [0x0000000080000000, 0x0000000100000000)
  region size 1024K, 1 young (1024K), 1 survivors (1024K)
 Metaspace       used 77242K, committed 78144K, reserved 557056K
  class space    used 10875K, committed 11328K, reserved 425984K
}

