# JRE version: OpenJDK Runtime Environment Temurin-21.0.8+9 (21.0.8+9) (build 21.0.8+9-LTS)
# Java VM: OpenJDK 64-Bit Server VM Temurin-21.0.8+9 (21.0.8+9-LTS, mixed mode, sharing, tiered, compressed oops, compressed class ptrs, parallel gc, windows-amd64)
GC Precious Log:
 CardTable entry size: 512
 CPUs: 8 total, 8 available
 Memory: 16167M
 Large Page Support: Disabled
 NUMA Support: Disabled
 Compressed Oops: Enabled (32-bit)
 Alignments: Space 512K, Generation 512K, Heap 2M
 Heap Min Capacity: 100M
 Heap Initial Capacity: 100M
 Heap Max Capacity: 2G
 Pre-touch: Disabled
 Parallel Workers: 8
Heap:
 PSYoungGen      total 23040K, used 11932K [0x00000000d5580000, 0x00000000d7200000, 0x0000000100000000)
  eden space 22016K, 51% used [0x00000000d5580000,0x00000000d6078be0,0x00000000d6b00000)
  from space 1024K, 68% used [0x00000000d7080000,0x00000000d712e490,0x00000000d7180000)
  to   space 512K, 0% used [0x00000000d7180000,0x00000000d7180000,0x00000000d7200000)
 ParOldGen       total 110592K, used 110081K [0x0000000080000000, 0x0000000086c00000, 0x00000000d5580000)
  object space 110592K, 99% used [0x0000000080000000,0x0000000086b80610,0x0000000086c00000)
 Metaspace       used 66482K, committed 67968K, reserved 1114112K
  class space    used 7745K, committed 8384K, reserved 1048576K
GC Heap History (20 events):
Event: 37.411 GC heap before
{Heap before GC invocations=67 (full 3):
 PSYoungGen      total 25088K, used 22656K [0x00000000d5580000, 0x00000000d7380000, 0x0000000100000000)
  eden space 22016K, 100% used [0x00000000d5580000,0x00000000d6b00000,0x00000000d6b00000)
  from space 3072K, 20% used [0x00000000d6d80000,0x00000000d6e20000,0x00000000d7080000)
  to   space 1024K, 0% used [0x00000000d7280000,0x00000000d7280000,0x00000000d7380000)
 ParOldGen       total 94208K, used 93788K [0x0000000080000000, 0x0000000085c00000, 0x00000000d5580000)
  object space 94208K, 99% used [0x0000000080000000,0x0000000085b97328,0x0000000085c00000)
 Metaspace       used 64939K, committed 66432K, reserved 1114112K
  class space    used 7578K, committed 8256K, reserved 1048576K
}
Event: 37.412 GC heap after
{Heap after GC invocations=67 (full 3):
 PSYoungGen      total 23040K, used 608K [0x00000000d5580000, 0x00000000d7380000, 0x0000000100000000)
  eden space 22016K, 0% used [0x00000000d5580000,0x00000000d5580000,0x00000000d6b00000)
  from space 1024K, 59% used [0x00000000d7280000,0x00000000d7318000,0x00000000d7380000)
  to   space 1024K, 0% used [0x00000000d7180000,0x00000000d7180000,0x00000000d7280000)
 ParOldGen       total 94720K, used 94292K [0x0000000080000000, 0x0000000085c80000, 0x00000000d5580000)
  object space 94720K, 99% used [0x0000000080000000,0x0000000085c15328,0x0000000085c80000)
 Metaspace       used 64939K, committed 66432K, reserved 1114112K
  class space    used 7578K, committed 8256K, reserved 1048576K
}
Event: 37.436 GC heap before
{Heap before GC invocations=68 (full 3):
 PSYoungGen      total 23040K, used 22624K [0x00000000d5580000, 0x00000000d7380000, 0x0000000100000000)
  eden space 22016K, 100% used [0x00000000d5580000,0x00000000d6b00000,0x00000000d6b00000)
  from space 1024K, 59% used [0x00000000d7280000,0x00000000d7318000,0x00000000d7380000)
  to   space 1024K, 0% used [0x00000000d7180000,0x00000000d7180000,0x00000000d7280000)
 ParOldGen       total 94720K, used 94292K [0x0000000080000000, 0x0000000085c80000, 0x00000000d5580000)
  object space 94720K, 99% used [0x0000000080000000,0x0000000085c15328,0x0000000085c80000)
 Metaspace       used 64939K, committed 66432K, reserved 1114112K
  class space    used 7578K, committed 8256K, reserved 1048576K
}
Event: 37.437 GC heap after
{Heap after GC invocations=68 (full 3):
 PSYoungGen      total 23040K, used 640K [0x00000000d5580000, 0x00000000d7300000, 0x0000000100000000)
  eden space 22016K, 0% used [0x00000000d5580000,0x00000000d5580000,0x00000000d6b00000)
  from space 1024K, 62% used [0x00000000d7180000,0x00000000d7220000,0x00000000d7280000)
  to   space 512K, 0% used [0x00000000d7280000,0x00000000d7280000,0x00000000d7300000)
 ParOldGen       total 95232K, used 94812K [0x0000000080000000, 0x0000000085d00000, 0x00000000d5580000)
  object space 95232K, 99% used [0x0000000080000000,0x0000000085c97338,0x0000000085d00000)
 Metaspace       used 64939K, committed 66432K, reserved 1114112K
  class space    used 7578K, committed 8256K, reserved 1048576K
}
Event: 37.471 GC heap before
{Heap before GC invocations=69 (full 3):
 PSYoungGen      total 23040K, used 22656K [0x00000000d5580000, 0x00000000d7300000, 0x0000000100000000)
  eden space 22016K, 100% used [0x00000000d5580000,0x00000000d6b00000,0x00000000d6b00000)
  from space 1024K, 62% used [0x00000000d7180000,0x00000000d7220000,0x00000000d7280000)
  to   space 512K, 0% used [0x00000000d7280000,0x00000000d7280000,0x00000000d7300000)
 ParOldGen       total 95232K, used 94812K [0x0000000080000000, 0x0000000085d00000, 0x00000000d5580000)
  object space 95232K, 99% used [0x0000000080000000,0x0000000085c97338,0x0000000085d00000)
 Metaspace       used 64939K, committed 66432K, reserved 1114112K
  class space    used 7578K, committed 8256K, reserved 1048576K
}
Event: 37.471 GC heap after
{Heap after GC invocations=69 (full 3):
 PSYoungGen      total 22528K, used 512K [0x00000000d5580000, 0x00000000d7300000, 0x0000000100000000)
  eden space 22016K, 0% used [0x00000000d5580000,0x00000000d5580000,0x00000000d6b00000)
  from space 512K, 100% used [0x00000000d7280000,0x00000000d7300000,0x00000000d7300000)
  to   space 1536K, 0% used [0x00000000d7000000,0x00000000d7000000,0x00000000d7180000)
 ParOldGen       total 95744K, used 95332K [0x0000000080000000, 0x0000000085d80000, 0x00000000d5580000)
  object space 95744K, 99% used [0x0000000080000000,0x0000000085d19338,0x0000000085d80000)
 Metaspace       used 64939K, committed 66432K, reserved 1114112K
  class space    used 7578K, committed 8256K, reserved 1048576K
}
Event: 37.499 GC heap before
{Heap before GC invocations=70 (full 3):
 PSYoungGen      total 22528K, used 22528K [0x00000000d5580000, 0x00000000d7300000, 0x0000000100000000)
  eden space 22016K, 100% used [0x00000000d5580000,0x00000000d6b00000,0x00000000d6b00000)
  from space 512K, 100% used [0x00000000d7280000,0x00000000d7300000,0x00000000d7300000)
  to   space 1536K, 0% used [0x00000000d7000000,0x00000000d7000000,0x00000000d7180000)
 ParOldGen       total 95744K, used 95332K [0x0000000080000000, 0x0000000085d80000, 0x00000000d5580000)
  object space 95744K, 99% used [0x0000000080000000,0x0000000085d19338,0x0000000085d80000)
 Metaspace       used 64939K, committed 66432K, reserved 1114112K
  class space    used 7578K, committed 8256K, reserved 1048576K
}
Event: 37.500 GC heap after
{Heap after GC invocations=70 (full 3):
 PSYoungGen      total 23552K, used 576K [0x00000000d5580000, 0x00000000d7300000, 0x0000000100000000)
  eden space 22016K, 0% used [0x00000000d5580000,0x00000000d5580000,0x00000000d6b00000)
  from space 1536K, 37% used [0x00000000d7000000,0x00000000d7090000,0x00000000d7180000)
  to   space 1024K, 0% used [0x00000000d7200000,0x00000000d7200000,0x00000000d7300000)
 ParOldGen       total 96256K, used 95828K [0x0000000080000000, 0x0000000085e00000, 0x00000000d5580000)
  object space 96256K, 99% used [0x0000000080000000,0x0000000085d95338,0x0000000085e00000)
 Metaspace       used 64939K, committed 66432K, reserved 1114112K
  class space    used 7578K, committed 8256K, reserved 1048576K
}
Event: 37.526 GC heap before
{Heap before GC invocations=71 (full 3):
 PSYoungGen      total 23552K, used 22592K [0x00000000d5580000, 0x00000000d7300000, 0x0000000100000000)
  eden space 22016K, 100% used [0x00000000d5580000,0x00000000d6b00000,0x00000000d6b00000)
  from space 1536K, 37% used [0x00000000d7000000,0x00000000d7090000,0x00000000d7180000)
  to   space 1024K, 0% used [0x00000000d7200000,0x00000000d7200000,0x00000000d7300000)
 ParOldGen       total 96256K, used 95828K [0x0000000080000000, 0x0000000085e00000, 0x00000000d5580000)
  object space 96256K, 99% used [0x0000000080000000,0x0000000085d95338,0x0000000085e00000)
 Metaspace       used 64939K, committed 66432K, reserved 1114112K
  class space    used 7578K, committed 8256K, reserved 1048576K
}
Event: 37.527 GC heap after
{Heap after GC invocations=71 (full 3):
 PSYoungGen      total 23040K, used 672K [0x00000000d5580000, 0x00000000d7300000, 0x0000000100000000)
  eden space 22016K, 0% used [0x00000000d5580000,0x00000000d5580000,0x00000000d6b00000)
  from space 1024K, 65% used [0x00000000d7200000,0x00000000d72a8000,0x00000000d7300000)
  to   space 1024K, 0% used [0x00000000d7100000,0x00000000d7100000,0x00000000d7200000)
 ParOldGen       total 96768K, used 96268K [0x0000000080000000, 0x0000000085e80000, 0x00000000d5580000)
  object space 96768K, 99% used [0x0000000080000000,0x0000000085e03338,0x0000000085e80000)
 Metaspace       used 64939K, committed 66432K, reserved 1114112K
  class space    used 7578K, committed 8256K, reserved 1048576K
}
Event: 37.548 GC heap before
{Heap before GC invocations=72 (full 3):
 PSYoungGen      total 23040K, used 22688K [0x00000000d5580000, 0x00000000d7300000, 0x0000000100000000)
  eden space 22016K, 100% used [0x00000000d5580000,0x00000000d6b00000,0x00000000d6b00000)
  from space 1024K, 65% used [0x00000000d7200000,0x00000000d72a8000,0x00000000d7300000)
  to   space 1024K, 0% used [0x00000000d7100000,0x00000000d7100000,0x00000000d7200000)
 ParOldGen       total 96768K, used 96268K [0x0000000080000000, 0x0000000085e80000, 0x00000000d5580000)
  object space 96768K, 99% used [0x0000000080000000,0x0000000085e03338,0x0000000085e80000)
 Metaspace       used 64939K, committed 66432K, reserved 1114112K
  class space    used 7578K, committed 8256K, reserved 1048576K
}
Event: 37.549 GC heap after
{Heap after GC invocations=72 (full 3):
 PSYoungGen      total 23040K, used 672K [0x00000000d5580000, 0x00000000d7280000, 0x0000000100000000)
  eden space 22016K, 0% used [0x00000000d5580000,0x00000000d5580000,0x00000000d6b00000)
  from space 1024K, 65% used [0x00000000d7100000,0x00000000d71a8000,0x00000000d7200000)
  to   space 512K, 0% used [0x00000000d7200000,0x00000000d7200000,0x00000000d7280000)
 ParOldGen       total 97280K, used 96796K [0x0000000080000000, 0x0000000085f00000, 0x00000000d5580000)
  object space 97280K, 99% used [0x0000000080000000,0x0000000085e87348,0x0000000085f00000)
 Metaspace       used 64939K, committed 66432K, reserved 1114112K
  class space    used 7578K, committed 8256K, reserved 1048576K
}
Event: 37.569 GC heap before
{Heap before GC invocations=73 (full 3):
 PSYoungGen      total 23040K, used 22688K [0x00000000d5580000, 0x00000000d7280000, 0x0000000100000000)
  eden space 22016K, 100% used [0x00000000d5580000,0x00000000d6b00000,0x00000000d6b00000)
  from space 1024K, 65% used [0x00000000d7100000,0x00000000d71a8000,0x00000000d7200000)
  to   space 512K, 0% used [0x00000000d7200000,0x00000000d7200000,0x00000000d7280000)
 ParOldGen       total 97280K, used 96796K [0x0000000080000000, 0x0000000085f00000, 0x00000000d5580000)
  object space 97280K, 99% used [0x0000000080000000,0x0000000085e87348,0x0000000085f00000)
 Metaspace       used 64939K, committed 66432K, reserved 1114112K
  class space    used 7578K, committed 8256K, reserved 1048576K
}
Event: 37.570 GC heap after
{Heap after GC invocations=73 (full 3):
 PSYoungGen      total 22528K, used 512K [0x00000000d5580000, 0x00000000d7280000, 0x0000000100000000)
  eden space 22016K, 0% used [0x00000000d5580000,0x00000000d5580000,0x00000000d6b00000)
  from space 512K, 100% used [0x00000000d7200000,0x00000000d7280000,0x00000000d7280000)
  to   space 1536K, 0% used [0x00000000d6f80000,0x00000000d6f80000,0x00000000d7100000)
 ParOldGen       total 97792K, used 97420K [0x0000000080000000, 0x0000000085f80000, 0x00000000d5580000)
  object space 97792K, 99% used [0x0000000080000000,0x0000000085f23348,0x0000000085f80000)
 Metaspace       used 64939K, committed 66432K, reserved 1114112K
  class space    used 7578K, committed 8256K, reserved 1048576K
}
Event: 37.592 GC heap before
{Heap before GC invocations=74 (full 3):
 PSYoungGen      total 22528K, used 22528K [0x00000000d5580000, 0x00000000d7280000, 0x0000000100000000)
  eden space 22016K, 100% used [0x00000000d5580000,0x00000000d6b00000,0x00000000d6b00000)
  from space 512K, 100% used [0x00000000d7200000,0x00000000d7280000,0x00000000d7280000)
  to   space 1536K, 0% used [0x00000000d6f80000,0x00000000d6f80000,0x00000000d7100000)
 ParOldGen       total 97792K, used 97420K [0x0000000080000000, 0x0000000085f80000, 0x00000000d5580000)
  object space 97792K, 99% used [0x0000000080000000,0x0000000085f23348,0x0000000085f80000)
 Metaspace       used 64939K, committed 66432K, reserved 1114112K
  class space    used 7578K, committed 8256K, reserved 1048576K
}
Event: 37.593 GC heap after
{Heap after GC invocations=74 (full 3):
 PSYoungGen      total 23552K, used 544K [0x00000000d5580000, 0x00000000d7280000, 0x0000000100000000)
  eden space 22016K, 0% used [0x00000000d5580000,0x00000000d5580000,0x00000000d6b00000)
  from space 1536K, 35% used [0x00000000d6f80000,0x00000000d7008000,0x00000000d7100000)
  to   space 1024K, 0% used [0x00000000d7180000,0x00000000d7180000,0x00000000d7280000)
 ParOldGen       total 98304K, used 97852K [0x0000000080000000, 0x0000000086000000, 0x00000000d5580000)
  object space 98304K, 99% used [0x0000000080000000,0x0000000085f8f348,0x0000000086000000)
 Metaspace       used 64939K, committed 66432K, reserved 1114112K
  class space    used 7578K, committed 8256K, reserved 1048576K
}
Event: 37.632 GC heap before
{Heap before GC invocations=75 (full 3):
 PSYoungGen      total 23552K, used 22282K [0x00000000d5580000, 0x00000000d7280000, 0x0000000100000000)
  eden space 22016K, 98% used [0x00000000d5580000,0x00000000d6abab18,0x00000000d6b00000)
  from space 1536K, 35% used [0x00000000d6f80000,0x00000000d7008000,0x00000000d7100000)
  to   space 1024K, 0% used [0x00000000d7180000,0x00000000d7180000,0x00000000d7280000)
 ParOldGen       total 98304K, used 97852K [0x0000000080000000, 0x0000000086000000, 0x00000000d5580000)
  object space 98304K, 99% used [0x0000000080000000,0x0000000085f8f348,0x0000000086000000)
 Metaspace       used 64966K, committed 66432K, reserved 1114112K
  class space    used 7585K, committed 8256K, reserved 1048576K
}
Event: 37.635 GC heap after
{Heap after GC invocations=75 (full 3):
 PSYoungGen      total 23040K, used 551K [0x00000000d5580000, 0x00000000d7280000, 0x0000000100000000)
  eden space 22016K, 0% used [0x00000000d5580000,0x00000000d5580000,0x00000000d6b00000)
  from space 1024K, 53% used [0x00000000d7180000,0x00000000d7209ef0,0x00000000d7280000)
  to   space 1024K, 0% used [0x00000000d7080000,0x00000000d7080000,0x00000000d7180000)
 ParOldGen       total 110592K, used 109703K [0x0000000080000000, 0x0000000086c00000, 0x00000000d5580000)
  object space 110592K, 99% used [0x0000000080000000,0x0000000086b21f58,0x0000000086c00000)
 Metaspace       used 64966K, committed 66432K, reserved 1114112K
  class space    used 7585K, committed 8256K, reserved 1048576K
}
Event: 5853.777 GC heap before
{Heap before GC invocations=76 (full 3):
 PSYoungGen      total 23040K, used 22567K [0x00000000d5580000, 0x00000000d7280000, 0x0000000100000000)
  eden space 22016K, 100% used [0x00000000d5580000,0x00000000d6b00000,0x00000000d6b00000)
  from space 1024K, 53% used [0x00000000d7180000,0x00000000d7209ef0,0x00000000d7280000)
  to   space 1024K, 0% used [0x00000000d7080000,0x00000000d7080000,0x00000000d7180000)
 ParOldGen       total 110592K, used 109703K [0x0000000080000000, 0x0000000086c00000, 0x00000000d5580000)
  object space 110592K, 99% used [0x0000000080000000,0x0000000086b21f58,0x0000000086c00000)
 Metaspace       used 66348K, committed 67840K, reserved 1114112K
  class space    used 7745K, committed 8384K, reserved 1048576K
}
Event: 5853.864 GC heap after
{Heap after GC invocations=76 (full 3):
 PSYoungGen      total 23040K, used 697K [0x00000000d5580000, 0x00000000d7200000, 0x0000000100000000)
  eden space 22016K, 0% used [0x00000000d5580000,0x00000000d5580000,0x00000000d6b00000)
  from space 1024K, 68% used [0x00000000d7080000,0x00000000d712e490,0x00000000d7180000)
  to   space 512K, 0% used [0x00000000d7180000,0x00000000d7180000,0x00000000d7200000)
 ParOldGen       total 110592K, used 110081K [0x0000000080000000, 0x0000000086c00000, 0x00000000d5580000)
  object space 110592K, 99% used [0x0000000080000000,0x0000000086b80610,0x0000000086c00000)
 Metaspace       used 66348K, committed 67840K, reserved 1114112K
  class space    used 7745K, committed 8384K, reserved 1048576K
}

